<?xml version="1.0" encoding="UTF-8"?>
<testng-results ignored="0" total="1" passed="1" failed="0" skipped="0">
  <reporter-output>
  </reporter-output>
  <suite started-at="2024-09-28T22:53:37 IST" name="Suite" finished-at="2024-09-28T22:53:49 IST" duration-ms="11756">
    <groups>
    </groups>
    <test started-at="2024-09-28T22:53:37 IST" name="Test" finished-at="2024-09-28T22:53:49 IST" duration-ms="11756">
      <class name="com.WebStore.TestCases.TestCase">
        <test-method is-config="true" signature="launchBrowser()[pri:0, instance:com.WebStore.TestCases.TestCase@3012646b]" started-at="2024-09-28T22:53:37 IST" name="launchBrowser" finished-at="2024-09-28T22:53:49 IST" duration-ms="11703" status="PASS">
          <reporter-output>
          </reporter-output>
        </test-method> <!-- launchBrowser -->
        <test-method signature="Testrun()[pri:0, instance:com.WebStore.TestCases.TestCase@3012646b]" started-at="2024-09-28T22:53:49 IST" name="Testrun" finished-at="2024-09-28T22:53:49 IST" duration-ms="9" status="PASS">
          <reporter-output>
          </reporter-output>
        </test-method> <!-- Testrun -->
      </class> <!-- com.WebStore.TestCases.TestCase -->
    </test> <!-- Test -->
  </suite> <!-- Suite -->
</testng-results>
